<?xml version="1.0" encoding="UTF-8"?>
<testng-results ignored="0" total="15" passed="13" failed="2" skipped="0">
  <reporter-output>
  </reporter-output>
  <suite started-at="2024-03-06T22:53:36 IST" name="All Test Suite" finished-at="2024-03-06T22:54:17 IST" duration-ms="41538">
    <groups>
      <group name="Smoke">
        <method signature="DependOnGroup.method()[pri:0, instance:annotation.DependOnGroup@446293d]" name="method" class="annotation.DependOnGroup"/>
        <method signature="DependOnMethod.method()[pri:0, instance:annotation.DependOnMethod@69997e9d]" name="method" class="annotation.DependOnMethod"/>
      </group> <!-- Smoke -->
    </groups>
    <test started-at="2024-03-06T22:53:36 IST" name="C:/Users/LENOVO/IdeaProjects/clone1/Edso_Maven_Project_TestNG" finished-at="2024-03-06T22:54:17 IST" duration-ms="41538">
      <class name="annotation.TestNgBasic">
        <test-method signature="testCase1()[pri:0, instance:annotation.TestNgBasic@2df9b86]" started-at="2024-03-06T22:53:59 IST" name="testCase1" finished-at="2024-03-06T22:54:05 IST" duration-ms="5867" status="PASS">
          <reporter-output>
          </reporter-output>
        </test-method> <!-- testCase1 -->
        <test-method signature="testCase2()[pri:0, instance:annotation.TestNgBasic@2df9b86]" started-at="2024-03-06T22:54:05 IST" name="testCase2" finished-at="2024-03-06T22:54:17 IST" duration-ms="12293" status="PASS">
          <reporter-output>
          </reporter-output>
        </test-method> <!-- testCase2 -->
      </class> <!-- annotation.TestNgBasic -->
      <class name="annotation.DependOnMethod">
        <test-method signature="method()[pri:0, instance:annotation.DependOnMethod@69997e9d]" started-at="2024-03-06T22:53:58 IST" name="method" finished-at="2024-03-06T22:53:58 IST" duration-ms="14" status="FAIL">
          <exception class="java.lang.AssertionError">
            <message>
              <![CDATA[expected [true] but found [false]]]>
            </message>
            <full-stacktrace>
              <![CDATA[java.lang.AssertionError: expected [true] but found [false]
at org.testng.Assert.fail(Assert.java:111)
at org.testng.Assert.failNotEquals(Assert.java:1578)
at org.testng.Assert.assertTrue(Assert.java:57)
at org.testng.Assert.assertTrue(Assert.java:67)
at annotation.DependOnMethod.method(DependOnMethod.java:10)
at java.base/jdk.internal.reflect.NativeMethodAccessorImpl.invoke0(Native Method)
at java.base/jdk.internal.reflect.NativeMethodAccessorImpl.invoke(NativeMethodAccessorImpl.java:77)
at java.base/jdk.internal.reflect.DelegatingMethodAccessorImpl.invoke(DelegatingMethodAccessorImpl.java:43)
at java.base/java.lang.reflect.Method.invoke(Method.java:568)
at org.testng.internal.invokers.MethodInvocationHelper.invokeMethod(MethodInvocationHelper.java:139)
at org.testng.internal.invokers.TestInvoker.invokeMethod(TestInvoker.java:664)
at org.testng.internal.invokers.TestInvoker.invokeTestMethod(TestInvoker.java:227)
at org.testng.internal.invokers.MethodRunner.runInSequence(MethodRunner.java:50)
at org.testng.internal.invokers.TestInvoker$MethodInvocationAgent.invoke(TestInvoker.java:957)
at org.testng.internal.invokers.TestInvoker.invokeTestMethods(TestInvoker.java:200)
at org.testng.internal.invokers.TestMethodWorker.invokeTestMethods(TestMethodWorker.java:148)
at org.testng.internal.invokers.TestMethodWorker.run(TestMethodWorker.java:128)
at java.base/java.util.ArrayList.forEach(ArrayList.java:1511)
at org.testng.TestRunner.privateRun(TestRunner.java:848)
at org.testng.TestRunner.run(TestRunner.java:621)
at org.testng.SuiteRunner.runTest(SuiteRunner.java:443)
at org.testng.SuiteRunner.runSequentially(SuiteRunner.java:437)
at org.testng.SuiteRunner.privateRun(SuiteRunner.java:397)
at org.testng.SuiteRunner.run(SuiteRunner.java:336)
at org.testng.SuiteRunnerWorker.runSuite(SuiteRunnerWorker.java:52)
at org.testng.SuiteRunnerWorker.run(SuiteRunnerWorker.java:95)
at org.testng.TestNG.runSuitesSequentially(TestNG.java:1280)
at org.testng.TestNG.runSuitesLocally(TestNG.java:1200)
at org.testng.TestNG.runSuites(TestNG.java:1114)
at org.testng.TestNG.run(TestNG.java:1082)
at com.intellij.rt.testng.IDEARemoteTestNG.run(IDEARemoteTestNG.java:65)
at com.intellij.rt.testng.RemoteTestNGStarter.main(RemoteTestNGStarter.java:105)
]]>
            </full-stacktrace>
          </exception> <!-- java.lang.AssertionError -->
          <reporter-output>
          </reporter-output>
        </test-method> <!-- method -->
        <test-method signature="method2()[pri:0, instance:annotation.DependOnMethod@69997e9d]" started-at="2024-03-06T22:53:59 IST" name="method2" finished-at="2024-03-06T22:53:59 IST" duration-ms="6" status="PASS">
          <reporter-output>
          </reporter-output>
        </test-method> <!-- method2 -->
      </class> <!-- annotation.DependOnMethod -->
      <class name="annotation.PriorityClass">
        <test-method signature="tC_A()[pri:0, instance:annotation.PriorityClass@793be5ca]" started-at="2024-03-06T22:53:59 IST" name="tC_A" finished-at="2024-03-06T22:53:59 IST" duration-ms="21" status="PASS">
          <reporter-output>
          </reporter-output>
        </test-method> <!-- tC_A -->
        <test-method signature="tC_D()[pri:0, instance:annotation.PriorityClass@793be5ca]" started-at="2024-03-06T22:53:59 IST" name="tC_D" finished-at="2024-03-06T22:53:59 IST" duration-ms="5" status="PASS">
          <reporter-output>
          </reporter-output>
        </test-method> <!-- tC_D -->
        <test-method signature="tC_F()[pri:0, instance:annotation.PriorityClass@793be5ca]" started-at="2024-03-06T22:53:59 IST" name="tC_F" finished-at="2024-03-06T22:53:59 IST" duration-ms="8" status="PASS">
          <reporter-output>
          </reporter-output>
        </test-method> <!-- tC_F -->
        <test-method signature="tC_G()[pri:0, instance:annotation.PriorityClass@793be5ca]" started-at="2024-03-06T22:53:59 IST" name="tC_G" finished-at="2024-03-06T22:53:59 IST" duration-ms="8" status="PASS">
          <reporter-output>
          </reporter-output>
        </test-method> <!-- tC_G -->
        <test-method signature="tC_B()[pri:1, instance:annotation.PriorityClass@793be5ca]" started-at="2024-03-06T22:53:59 IST" name="tC_B" finished-at="2024-03-06T22:53:59 IST" duration-ms="11" status="PASS">
          <reporter-output>
          </reporter-output>
        </test-method> <!-- tC_B -->
        <test-method signature="tC_C()[pri:2, instance:annotation.PriorityClass@793be5ca]" started-at="2024-03-06T22:53:59 IST" name="tC_C" finished-at="2024-03-06T22:53:59 IST" duration-ms="5" status="PASS">
          <reporter-output>
          </reporter-output>
        </test-method> <!-- tC_C -->
        <test-method signature="tC_E()[pri:97, instance:annotation.PriorityClass@793be5ca]" started-at="2024-03-06T22:53:59 IST" name="tC_E" finished-at="2024-03-06T22:53:59 IST" duration-ms="7" status="PASS">
          <reporter-output>
          </reporter-output>
        </test-method> <!-- tC_E -->
      </class> <!-- annotation.PriorityClass -->
      <class name="annotation.DependOnGroup">
        <test-method signature="method()[pri:0, instance:annotation.DependOnGroup@446293d]" started-at="2024-03-06T22:53:58 IST" name="method" finished-at="2024-03-06T22:53:58 IST" duration-ms="90" status="FAIL">
          <exception class="java.lang.AssertionError">
            <message>
              <![CDATA[expected [true] but found [false]]]>
            </message>
            <full-stacktrace>
              <![CDATA[java.lang.AssertionError: expected [true] but found [false]
at org.testng.Assert.fail(Assert.java:111)
at org.testng.Assert.failNotEquals(Assert.java:1578)
at org.testng.Assert.assertTrue(Assert.java:57)
at org.testng.Assert.assertTrue(Assert.java:67)
at annotation.DependOnGroup.method(DependOnGroup.java:10)
at java.base/jdk.internal.reflect.NativeMethodAccessorImpl.invoke0(Native Method)
at java.base/jdk.internal.reflect.NativeMethodAccessorImpl.invoke(NativeMethodAccessorImpl.java:77)
at java.base/jdk.internal.reflect.DelegatingMethodAccessorImpl.invoke(DelegatingMethodAccessorImpl.java:43)
at java.base/java.lang.reflect.Method.invoke(Method.java:568)
at org.testng.internal.invokers.MethodInvocationHelper.invokeMethod(MethodInvocationHelper.java:139)
at org.testng.internal.invokers.TestInvoker.invokeMethod(TestInvoker.java:664)
at org.testng.internal.invokers.TestInvoker.invokeTestMethod(TestInvoker.java:227)
at org.testng.internal.invokers.MethodRunner.runInSequence(MethodRunner.java:50)
at org.testng.internal.invokers.TestInvoker$MethodInvocationAgent.invoke(TestInvoker.java:957)
at org.testng.internal.invokers.TestInvoker.invokeTestMethods(TestInvoker.java:200)
at org.testng.internal.invokers.TestMethodWorker.invokeTestMethods(TestMethodWorker.java:148)
at org.testng.internal.invokers.TestMethodWorker.run(TestMethodWorker.java:128)
at java.base/java.util.ArrayList.forEach(ArrayList.java:1511)
at org.testng.TestRunner.privateRun(TestRunner.java:848)
at org.testng.TestRunner.run(TestRunner.java:621)
at org.testng.SuiteRunner.runTest(SuiteRunner.java:443)
at org.testng.SuiteRunner.runSequentially(SuiteRunner.java:437)
at org.testng.SuiteRunner.privateRun(SuiteRunner.java:397)
at org.testng.SuiteRunner.run(SuiteRunner.java:336)
at org.testng.SuiteRunnerWorker.runSuite(SuiteRunnerWorker.java:52)
at org.testng.SuiteRunnerWorker.run(SuiteRunnerWorker.java:95)
at org.testng.TestNG.runSuitesSequentially(TestNG.java:1280)
at org.testng.TestNG.runSuitesLocally(TestNG.java:1200)
at org.testng.TestNG.runSuites(TestNG.java:1114)
at org.testng.TestNG.run(TestNG.java:1082)
at com.intellij.rt.testng.IDEARemoteTestNG.run(IDEARemoteTestNG.java:65)
at com.intellij.rt.testng.RemoteTestNGStarter.main(RemoteTestNGStarter.java:105)
]]>
            </full-stacktrace>
          </exception> <!-- java.lang.AssertionError -->
          <reporter-output>
          </reporter-output>
        </test-method> <!-- method -->
        <test-method signature="method2()[pri:0, instance:annotation.DependOnGroup@446293d]" started-at="2024-03-06T22:53:58 IST" name="method2" finished-at="2024-03-06T22:53:58 IST" duration-ms="9" status="PASS">
          <reporter-output>
          </reporter-output>
        </test-method> <!-- method2 -->
      </class> <!-- annotation.DependOnGroup -->
      <class name="annotation.AnnotationMethod">
        <test-method is-config="true" signature="beforeMethod1()[pri:0, instance:annotation.AnnotationMethod@41e1e210]" started-at="2024-03-06T22:53:36 IST" name="beforeMethod1" finished-at="2024-03-06T22:53:43 IST" duration-ms="6944" status="PASS">
          <reporter-output>
          </reporter-output>
        </test-method> <!-- beforeMethod1 -->
        <test-method signature="tC01()[pri:0, instance:annotation.AnnotationMethod@41e1e210]" started-at="2024-03-06T22:53:43 IST" name="tC01" finished-at="2024-03-06T22:53:51 IST" duration-ms="8505" status="PASS">
          <reporter-output>
          </reporter-output>
        </test-method> <!-- tC01 -->
        <test-method is-config="true" signature="close()[pri:0, instance:annotation.AnnotationMethod@41e1e210]" started-at="2024-03-06T22:53:51 IST" name="close" finished-at="2024-03-06T22:53:52 IST" duration-ms="763" status="PASS">
          <reporter-output>
          </reporter-output>
        </test-method> <!-- close -->
        <test-method is-config="true" signature="beforeMethod1()[pri:0, instance:annotation.AnnotationMethod@41e1e210]" started-at="2024-03-06T22:53:52 IST" name="beforeMethod1" finished-at="2024-03-06T22:53:55 IST" duration-ms="2820" status="PASS">
          <reporter-output>
          </reporter-output>
        </test-method> <!-- beforeMethod1 -->
        <test-method signature="tC02()[pri:0, instance:annotation.AnnotationMethod@41e1e210]" started-at="2024-03-06T22:53:55 IST" name="tC02" finished-at="2024-03-06T22:53:58 IST" duration-ms="3056" status="PASS">
          <reporter-output>
          </reporter-output>
        </test-method> <!-- tC02 -->
        <test-method is-config="true" signature="close()[pri:0, instance:annotation.AnnotationMethod@41e1e210]" started-at="2024-03-06T22:53:58 IST" name="close" finished-at="2024-03-06T22:53:58 IST" duration-ms="320" status="PASS">
          <reporter-output>
          </reporter-output>
        </test-method> <!-- close -->
      </class> <!-- annotation.AnnotationMethod -->
    </test> <!-- C:/Users/LENOVO/IdeaProjects/clone1/Edso_Maven_Project_TestNG -->
  </suite> <!-- All Test Suite -->
</testng-results>
